<?xml version="1.0" encoding="UTF-8"?>
<!-- Generated by org.testng.reporters.JUnitReportReporter -->
<testsuite hostname="INN14U-HL141" failures="0" tests="2" name="Test.geethublogin_test" time="7.752" errors="0" timestamp="2021-08-12T16:49:17 IST" skipped="0">
  <testcase classname="Test.geethublogin_test" name="GetLaunchUrl" time="5.729"/>
  <system-out/>
  <testcase classname="Test.geethublogin_test" name="clickonSign" time="2.023"/>
  <system-out/>
</testsuite> <!-- Test.geethublogin_test -->
