<?xml version="1.0" encoding="UTF-8"?>
<!-- Generated by org.testng.reporters.JUnitReportReporter -->
<testsuite hostname="INN14U-HL141" failures="0" tests="3" name="Test.setting_test" time="4.253" errors="0" timestamp="2021-08-12T16:49:17 IST" skipped="0">
  <testcase classname="Test.setting_test" name="clickonsetting" time="2.053"/>
  <system-out/>
  <testcase classname="Test.setting_test" name="clickondeleterepo" time="1.099"/>
  <system-out/>
  <testcase classname="Test.setting_test" name="clickondeletetext" time="1.101"/>
  <system-out/>
</testsuite> <!-- Test.setting_test -->
