<?xml version="1.0" encoding="UTF-8"?>
<!-- Generated by org.testng.reporters.JUnitReportReporter -->
<testsuite hostname="INN14U-HL141" failures="0" tests="5" name="Test.newissue_test" time="3.072" errors="0" timestamp="2021-08-12T16:49:17 IST" skipped="1">
  <testcase classname="Test.newissue_test" name="clickonnewissuebtn" time="1.022"/>
  <system-out/>
  <testcase classname="Test.newissue_test" name="filltitlebox" time="1.022"/>
  <system-out/>
  <testcase classname="Test.newissue_test" name="fillissuebox" time="1.016"/>
  <system-out/>
  <testcase classname="Test.newissue_test" name="clickonsubmit_btn" time="0.012"/>
  <system-out/>
  <testcase classname="Test.newissue_test" name="filltitlebox_vrfy">
    <skipped/>
  </testcase> <!-- filltitlebox_vrfy -->
  <system-out/>
</testsuite> <!-- Test.newissue_test -->
