<?xml version="1.0" encoding="UTF-8"?>
<!-- Generated by org.testng.reporters.JUnitReportReporter -->
<testsuite hostname="INN14U-HL141" failures="0" tests="1" name="Test.geethubtestbox_test" time="2.797" errors="0" timestamp="2021-08-12T16:49:17 IST" skipped="0">
  <testcase classname="Test.geethubtestbox_test" name="filldetails" time="2.797"/>
  <system-out/>
</testsuite> <!-- Test.geethubtestbox_test -->
