<?xml version="1.0" encoding="UTF-8"?>
<!-- Generated by org.testng.reporters.JUnitReportReporter -->
<testsuite hostname="INN14U-HL141" failures="0" tests="3" name="Test.repository_test" time="5.591" errors="0" timestamp="2021-08-12T16:49:17 IST" skipped="0">
  <testcase classname="Test.repository_test" name="fillrepository_vrfy" time="0.072"/>
  <system-out/>
  <testcase classname="Test.repository_test" name="clickoncreaterepo" time="5.476"/>
  <system-out/>
  <testcase classname="Test.repository_test" name="clickonissue" time="0.043"/>
  <system-out/>
</testsuite> <!-- Test.repository_test -->
