<?xml version="1.0" encoding="UTF-8"?>
<!-- Generated by org.testng.reporters.JUnitReportReporter -->
<testsuite hostname="INN14U-HL141" failures="0" tests="1" name="Test.newbtn_test" time="3.027" errors="0" timestamp="2021-08-12T16:49:17 IST" skipped="0">
  <testcase classname="Test.newbtn_test" name="clickonnewbtn" time="3.027"/>
  <system-out/>
</testsuite> <!-- Test.newbtn_test -->
