<?xml version="1.0" encoding="UTF-8"?>
<!-- Generated by org.testng.reporters.JUnitReportReporter -->
<testsuite hostname="INN14U-HL141" failures="0" tests="4" name="Test.REIssue_test" time="0.041" errors="0" timestamp="2021-08-12T16:49:17 IST" skipped="0">
  <testcase classname="Test.REIssue_test" name="clickonreissuebtn" time="0.012"/>
  <system-out/>
  <testcase classname="Test.REIssue_test" name="fillissuetitle" time="0.012"/>
  <system-out/>
  <testcase classname="Test.REIssue_test" name="fillcommentbox" time="0.008"/>
  <system-out/>
  <testcase classname="Test.REIssue_test" name="clickonnewissuebtn" time="0.009"/>
  <system-out/>
</testsuite> <!-- Test.REIssue_test -->
